1549456898867	mozrunner::runner	INFO	Running command: "/Applications/Firefox.app/Contents/MacOS/firefox-bin" "-marionette" "-foreground" "-no-remote" "-profile" "/var/folders/kx/bcnjhywx4sv5d7pn7dhhnplc0000gn/T/rust_mozprofile.niaSJKIsyv8E"
1549456899353	addons.webextension.screenshots@mozilla.org	WARN	Loading extension 'screenshots@mozilla.org': Reading manifest: Invalid host permission: resource://pdf.js/
1549456899353	addons.webextension.screenshots@mozilla.org	WARN	Loading extension 'screenshots@mozilla.org': Reading manifest: Invalid host permission: about:reader*
Can't find symbol 'GetGraphicsResetStatus'.
1549456900650	Marionette	INFO	Listening on port 57064
1549456900755	Marionette	WARN	TLS certificate errors will be ignored for this session
1549456902733	mozrunner::runner	INFO	Running command: "/Applications/Firefox.app/Contents/MacOS/firefox-bin" "-marionette" "-foreground" "-no-remote" "-profile" "/var/folders/kx/bcnjhywx4sv5d7pn7dhhnplc0000gn/T/rust_mozprofile.5DVZHHKgqPN3"
1549456903151	addons.webextension.screenshots@mozilla.org	WARN	Loading extension 'screenshots@mozilla.org': Reading manifest: Invalid host permission: resource://pdf.js/
1549456903151	addons.webextension.screenshots@mozilla.org	WARN	Loading extension 'screenshots@mozilla.org': Reading manifest: Invalid host permission: about:reader*
Can't find symbol 'GetGraphicsResetStatus'.
1549456904476	Marionette	INFO	Listening on port 57111
1549456904501	Marionette	WARN	TLS certificate errors will be ignored for this session
1549456914806	mozrunner::runner	INFO	Running command: "/Applications/Firefox.app/Contents/MacOS/firefox-bin" "-marionette" "-foreground" "-no-remote" "-profile" "/var/folders/kx/bcnjhywx4sv5d7pn7dhhnplc0000gn/T/rust_mozprofile.ISIbnEgvXFQx"
1549456915381	addons.webextension.screenshots@mozilla.org	WARN	Loading extension 'screenshots@mozilla.org': Reading manifest: Invalid host permission: resource://pdf.js/
1549456915381	addons.webextension.screenshots@mozilla.org	WARN	Loading extension 'screenshots@mozilla.org': Reading manifest: Invalid host permission: about:reader*
Can't find symbol 'GetGraphicsResetStatus'.
1549456916678	Marionette	INFO	Listening on port 57164
1549456916757	Marionette	WARN	TLS certificate errors will be ignored for this session
1549456976780	Marionette	INFO	Stopped listening on port 57164
1549456978318	Marionette	INFO	Stopped listening on port 57111
1549456979254	Marionette	INFO	Stopped listening on port 57064
1549456990003	mozrunner::runner	INFO	Running command: "/Applications/Firefox.app/Contents/MacOS/firefox-bin" "-marionette" "-foreground" "-no-remote" "-profile" "/var/folders/kx/bcnjhywx4sv5d7pn7dhhnplc0000gn/T/rust_mozprofile.WmAYP9J0MNov"
1549456990403	addons.webextension.screenshots@mozilla.org	WARN	Loading extension 'screenshots@mozilla.org': Reading manifest: Invalid host permission: resource://pdf.js/
1549456990403	addons.webextension.screenshots@mozilla.org	WARN	Loading extension 'screenshots@mozilla.org': Reading manifest: Invalid host permission: about:reader*
Can't find symbol 'GetGraphicsResetStatus'.
1549456991566	Marionette	INFO	Listening on port 57301
1549456991645	Marionette	WARN	TLS certificate errors will be ignored for this session
JavaScript error: https://www.clipperroundtheworld.com/inc/js/min/main-min.js?v=17, line 19: ReferenceError: cursorPosition is not defined
JavaScript error: https://www.clipperroundtheworld.com/inc/js/min/main-min.js?v=17, line 19: ReferenceError: cursorPosition is not defined
JavaScript error: https://www.clipperroundtheworld.com/inc/js/min/main-min.js?v=17, line 19: ReferenceError: cursorPosition is not defined
JavaScript error: https://www.clipperroundtheworld.com/inc/js/min/main-min.js?v=17, line 19: ReferenceError: cursorPosition is not defined
JavaScript error: https://www.clipperroundtheworld.com/inc/js/min/main-min.js?v=17, line 19: ReferenceError: cursorPosition is not defined
console.error: BroadcastService: 
  receivedBroadcastMessage: handler for
  remote-settings/monitor_changes
  threw error:
  Message: Error: Polling for changes failed: NetworkError when attempting to fetch resource..
  Stack:
    remoteSettingsFunction/remoteSettings.pollChanges@resource://services-settings/remote-settings.js:188:13

1549462174744	mozrunner::runner	INFO	Running command: "/Applications/Firefox.app/Contents/MacOS/firefox-bin" "-marionette" "-foreground" "-no-remote" "-profile" "/var/folders/kx/bcnjhywx4sv5d7pn7dhhnplc0000gn/T/rust_mozprofile.KVqPJCl3c0Iw"
1549462175161	addons.webextension.screenshots@mozilla.org	WARN	Loading extension 'screenshots@mozilla.org': Reading manifest: Invalid host permission: resource://pdf.js/
1549462175161	addons.webextension.screenshots@mozilla.org	WARN	Loading extension 'screenshots@mozilla.org': Reading manifest: Invalid host permission: about:reader*
Can't find symbol 'GetGraphicsResetStatus'.
1549462176383	Marionette	INFO	Listening on port 59137
1549462176388	Marionette	WARN	TLS certificate errors will be ignored for this session
1549462247648	Marionette	INFO	Stopped listening on port 57301
console.error: BroadcastService: 
  receivedBroadcastMessage: handler for
  remote-settings/monitor_changes
  threw error:
  Message: Error: Polling for changes failed: NetworkError when attempting to fetch resource..
  Stack:
    remoteSettingsFunction/remoteSettings.pollChanges@resource://services-settings/remote-settings.js:188:13

1549462283278	Marionette	INFO	Stopped listening on port 59137
1549462388920	mozrunner::runner	INFO	Running command: "/Applications/Firefox.app/Contents/MacOS/firefox-bin" "-marionette" "-foreground" "-no-remote" "-profile" "/var/folders/kx/bcnjhywx4sv5d7pn7dhhnplc0000gn/T/rust_mozprofile.UqIXYWDxPBFZ"
1549462389343	addons.webextension.screenshots@mozilla.org	WARN	Loading extension 'screenshots@mozilla.org': Reading manifest: Invalid host permission: resource://pdf.js/
1549462389343	addons.webextension.screenshots@mozilla.org	WARN	Loading extension 'screenshots@mozilla.org': Reading manifest: Invalid host permission: about:reader*
Can't find symbol 'GetGraphicsResetStatus'.
1549462390579	Marionette	INFO	Listening on port 59361
1549462390664	Marionette	WARN	TLS certificate errors will be ignored for this session
console.error: BroadcastService: 
  receivedBroadcastMessage: handler for
  remote-settings/monitor_changes
  threw error:
  Message: Error: Polling for changes failed: NetworkError when attempting to fetch resource..
  Stack:
    remoteSettingsFunction/remoteSettings.pollChanges@resource://services-settings/remote-settings.js:188:13

1549465618806	mozrunner::runner	INFO	Running command: "/Applications/Firefox.app/Contents/MacOS/firefox-bin" "-marionette" "-foreground" "-no-remote" "-profile" "/var/folders/kx/bcnjhywx4sv5d7pn7dhhnplc0000gn/T/rust_mozprofile.YkiLfrzn6LA5"
1549465619228	addons.webextension.screenshots@mozilla.org	WARN	Loading extension 'screenshots@mozilla.org': Reading manifest: Invalid host permission: resource://pdf.js/
1549465619228	addons.webextension.screenshots@mozilla.org	WARN	Loading extension 'screenshots@mozilla.org': Reading manifest: Invalid host permission: about:reader*
Can't find symbol 'GetGraphicsResetStatus'.
1549465620462	Marionette	INFO	Listening on port 59839
1549465620544	Marionette	WARN	TLS certificate errors will be ignored for this session
[GFX1-]: Receive IPC close with reason=AbnormalShutdown
Exiting due to channel error.
[GFX1-]: Receive IPC close with reason=AbnormalShutdown
Exiting due to channel error.
[GFX1-]: Receive IPC close with reason=AbnormalShutdown
[Child 1870, Chrome_ChildThread] WARNING: pipe error: Broken pipe: file /builds/worker/workspace/build/src/ipc/chromium/src/chrome/common/ipc_channel_posix.cc, line 718
Exiting due to channel error.
1549467435329	Marionette	INFO	Stopped listening on port 59361
